<?xml version="1.0" encoding="UTF-8"?>
<testng-results ignored="0" total="1" passed="1" failed="0" skipped="0">
  <reporter-output>
  </reporter-output>
  <suite started-at="2025-07-21T01:39:35 EDT" name="Default suite" finished-at="2025-07-21T01:39:37 EDT" duration-ms="2285">
    <groups>
    </groups>
    <test started-at="2025-07-21T01:39:35 EDT" name="Default test" finished-at="2025-07-21T01:39:37 EDT" duration-ms="2285">
      <class name="demo_module.SumValidation">
        <test-method signature="sumValidation()[pri:0, instance:demo_module.SumValidation@5d534f5d]" started-at="2025-07-21T01:39:35 EDT" name="sumValidation" finished-at="2025-07-21T01:39:37 EDT" duration-ms="2213" status="PASS">
          <reporter-output>
          </reporter-output>
        </test-method> <!-- sumValidation -->
      </class> <!-- demo_module.SumValidation -->
    </test> <!-- Default test -->
  </suite> <!-- Default suite -->
</testng-results>
